<?xml version="1.0" encoding="UTF-8"?>
<!-- Generated by org.testng.reporters.JUnitReportReporter -->
<testsuite skipped="0" hostname="This-PC" name="com.testingshastra.pageobject.JoinMeetingPage" tests="1" failures="0" timestamp="2021-12-13T16:32:59 IST" time="68.425" errors="0">
  <testcase name="validateAlllinksofHomePage" time="68.425" classname="com.testingshastra.pageobject.JoinMeetingPage"/>
  <system-out/>
</testsuite> <!-- com.testingshastra.pageobject.JoinMeetingPage -->
