<?xml version="1.0" encoding="UTF-8"?>
<!-- Generated by org.testng.reporters.JUnitReportReporter -->
<testsuite skipped="0" hostname="This-PC" name="com.testingshastra.uitest.Signuptest" tests="1" failures="0" timestamp="2021-12-09T12:21:23 IST" time="127.379" errors="0">
  <testcase name="validFirstNameFieldForCorrectInput" time="127.379" classname="com.testingshastra.uitest.Signuptest"/>
  <system-out/>
</testsuite> <!-- com.testingshastra.uitest.Signuptest -->
