<?xml version="1.0" encoding="UTF-8"?>
<!-- Generated by org.testng.reporters.JUnitReportReporter -->
<testsuite skipped="0" hostname="This-PC" name="com.Daisy.TestCase.TestcaseTC_001" tests="1" failures="0" timestamp="2021-12-29T19:54:04 IST" time="96.223" errors="0">
  <testcase name="verifyLoginpage" time="96.223" classname="com.Daisy.TestCase.TestcaseTC_001"/>
  <system-out/>
</testsuite> <!-- com.Daisy.TestCase.TestcaseTC_001 -->
