<?xml version="1.0" encoding="UTF-8"?>
<!-- Generated by org.testng.reporters.JUnitReportReporter -->
<testsuite skipped="0" hostname="This-PC" name="com.testingshastra.uitest.HomePageObjectTest" tests="1" failures="0" timestamp="2021-12-09T12:21:23 IST" time="55.629" errors="0">
  <testcase name="validateAlllinksofHomePage" time="55.629" classname="com.testingshastra.uitest.HomePageObjectTest"/>
  <system-out/>
</testsuite> <!-- com.testingshastra.uitest.HomePageObjectTest -->
