<?xml version="1.0" encoding="UTF-8"?>
<!-- Generated by org.testng.reporters.JUnitReportReporter -->
<testsuite skipped="0" hostname="This-PC" name="com.testingshastra.uitest.HomePageObject" tests="2" failures="0" timestamp="2021-11-17T17:38:20 IST" time="167.423" errors="0">
  <testcase name="homePageTest" time="102.781" classname="com.testingshastra.uitest.HomePageObject"/>
  <system-out/>
  <testcase name="printAllinfolinks" time="64.642" classname="com.testingshastra.uitest.HomePageObject"/>
  <system-out/>
</testsuite> <!-- com.testingshastra.uitest.HomePageObject -->
