<?xml version="1.0" encoding="UTF-8"?>
<!-- Generated by org.testng.reporters.JUnitReportReporter -->
<testsuite skipped="0" hostname="This-PC" name="com.Daisy.TestCase.TestcaseTC_001" tests="1" failures="0" timestamp="2021-12-29T19:15:01 IST" time="66.554" errors="0">
  <testcase name="verifyLoginpage" time="66.554" classname="com.Daisy.TestCase.TestcaseTC_001"/>
  <system-out/>
</testsuite> <!-- com.Daisy.TestCase.TestcaseTC_001 -->
