<?xml version="1.0" encoding="UTF-8"?>
<!-- Generated by org.testng.reporters.JUnitReportReporter -->
<testsuite skipped="0" hostname="This-PC" name="com.testingshastra.util.RunnerTest" tests="6" failures="0" timestamp="2021-12-30T12:12:08 IST" time="153.125" errors="0">
  <testcase name="runScenario" time="89.963" classname="com.testingshastra.util.RunnerTest"/>
  <testcase name="runScenario" time="0.081" classname="com.testingshastra.util.RunnerTest"/>
  <testcase name="runScenario" time="0.072" classname="com.testingshastra.util.RunnerTest"/>
  <testcase name="runScenario" time="61.992" classname="com.testingshastra.util.RunnerTest"/>
  <testcase name="runScenario" time="0.096" classname="com.testingshastra.util.RunnerTest"/>
  <testcase name="runScenario" time="0.921" classname="com.testingshastra.util.RunnerTest"/>
</testsuite> <!-- com.testingshastra.util.RunnerTest -->
