<?xml version="1.0" encoding="UTF-8"?>
<!-- Generated by org.testng.reporters.JUnitReportReporter -->
<testsuite skipped="0" hostname="This-PC" name="com.testingshastra.uitest.HomePageObjectTest" tests="1" failures="0" timestamp="2021-12-30T12:12:08 IST" time="222.358" errors="0">
  <testcase name="validateAlllinksofHomePage" time="222.358" classname="com.testingshastra.uitest.HomePageObjectTest"/>
</testsuite> <!-- com.testingshastra.uitest.HomePageObjectTest -->
